file: em; in: ./materials/algs: Peeling; threads: 32;
file: ./materials/em.txt; 	 algorithm: 1; 	 threads: 32
graph construction: 0.4597
io time: 0.4598.
done.
kmax: 27.
number of k-shell: 28.
# iterations = 28
0, 1, 2, 3, 4, 5, 6, 7, 8, 9, 10, 11, 12, 13, 14, 15, 16, 17, 18, 19, 20, 21, 22, 23, 24, 25, 26, 27, 
running time: 1.4136 sec.

file: em; in: ./materials/algs: AC; threads: 32;
file: ./materials/em.txt; 	 algorithm: 2; 	 threads: 32
graph construction: 0.4610
io time: 0.4610.
done.
anchored coreness done.
running time: 87.2257 sec.

file: em; in: ./materials/algs: SC; threads: 32;
file: ./materials/em.txt; 	 algorithm: 3; 	 threads: 32
graph construction: 0.4664
io time: 0.4664.
done.
skyline coreness done.
running time: 2.9484 sec.

file: em; in: ./materials/algs: ParPeel; threads: 32;
file: ./materials/em.txt; 	 algorithm: 4; 	 threads: 32
graph construction: 0.4650
io time: 0.4651.
done.
stage 1 running time: 0.0469 sec, stage 2 running time: 0.5736 sec.
running time: 0.6298 sec.

file: em; in: ./materials/algs: ParPeel+; threads: 32;
file: ./materials/em.txt; 	 algorithm: 5; 	 threads: 32
graph construction: 0.4647
io time: 0.4648.
done.
decomposition done.
running time: 0.7731 sec.

file: em; in: ./materials/algs: Shell-PDC; threads: 32;
file: ./materials/em.txt; 	 algorithm: 6; 	 threads: 32
graph construction: 0.4655
io time: 0.4655.
done.
number of shells: 28.
kmax: 27;
lmax: 27;
dmax: 7631;
shell size: 28;
# computing k: 27;
iterations: 150;
stage (k, 0) running time: 0.0173 sec;
stage (0, l) running time: 0.0138 sec;
stage k list running time: 0.0830 sec;
anchored coreness plus+ done.
running time: 0.1198 sec.

